#
# A fatal error has been detected by the Java Runtime Environment:
#
#  EXCEPTION_UNCAUGHT_CXX_EXCEPTION (0xe06d7363) at pc=0x00007fff432f01dc, pid=28460, tid=36144
#
# JRE version: Java(TM) SE Runtime Environment (24.0+36) (build 24+36-3646)
# Java VM: Java HotSpot(TM) 64-Bit Server VM (24+36-3646, mixed mode, sharing, tiered, compressed oops, compressed class ptrs, g1 gc, windows-amd64)
# Problematic frame:
# C  [KERNELBASE.dll+0x601dc]
#
# No core dump will be written. Minidumps are not enabled by default on client versions of Windows
#
# If you would like to submit a bug report, please visit:
#   https://bugreport.java.com/bugreport/crash.jsp
# The crash happened outside the Java Virtual Machine in native code.
# See problematic frame for where to report the bug.
#

---------------  S U M M A R Y ------------

Command Line: -ea 

Host: AMD Ryzen 7 7735HS with Radeon Graphics        , 16 cores, 15G,  Windows 11 , 64 bit Build 22621 (10.0.22621.5262)
Time: Sun Jun  1 00:30:34 2025 대한민국 표준시 elapsed time: 7.976366 seconds (0d 0h 0m 7s)

---------------  T H R E A D  ---------------

Current thread (0x0000028fe6c373a0):  JavaThread "main"             [_thread_in_native, id=36144, stack(0x000000ed39000000,0x000000ed391f0000) (1984K)]

Stack: [0x000000ed39000000,0x000000ed391f0000],  sp=0x000000ed391ea5f0,  free space=1961k
Native frames: (J=compiled Java code, j=interpreted, Vv=VM code, C=native code)
